<?xml version="1.0" encoding="UTF-8"?>
<!-- Generated by org.testng.reporters.JUnitReportReporter -->
<testsuite hostname="5CD2188LZX" failures="0" tests="3" name="com.connect.Filtering" time="0.012" errors="0" timestamp="2022-12-07T13:34:46 IST" skipped="1">
  <testcase classname="com.connect.Filtering" name="testMethod" time="0.004"/>
  <system-out/>
  <testcase classname="com.connect.Filtering" name="anotherTestMethod" time="0.007">
    <skipped/>
  </testcase> <!-- anotherTestMethod -->
  <system-out/>
  <testcase classname="com.connect.Filtering" name="thirdTestMethod" time="0.001"/>
  <system-out/>
</testsuite> <!-- com.connect.Filtering -->
