<?xml version="1.0" encoding="UTF-8"?>
<!-- Generated by org.testng.reporters.JUnitReportReporter -->
<testsuite hostname="5CD2188LZX" failures="0" tests="1" name="com.connect.NewTest" time="60.295" errors="0" timestamp="2022-12-01T17:33:06 IST" skipped="0">
  <testcase classname="com.connect.NewTest" name="verifySearchButton" time="60.295"/>
  <system-out/>
</testsuite> <!-- com.connect.NewTest -->
