<?xml version="1.0" encoding="UTF-8"?>
<!-- Generated by org.testng.reporters.JUnitReportReporter -->
<testsuite hostname="5CD2188LZX" failures="0" tests="3" name="com.connect.FilteringExecution2" time="0.011" errors="0" timestamp="2022-12-07T13:16:55 IST" skipped="1">
  <testcase classname="com.connect.FilteringExecution2" name="thirdTestMethod" time="0.001"/>
  <system-out/>
  <testcase classname="com.connect.FilteringExecution2" name="testMethod" time="0.003"/>
  <system-out/>
  <testcase classname="com.connect.FilteringExecution2" name="anotherTestMethod" time="0.007">
    <skipped/>
  </testcase> <!-- anotherTestMethod -->
  <system-out/>
</testsuite> <!-- com.connect.FilteringExecution2 -->
