<?xml version="1.0" encoding="UTF-8"?>
<!-- Generated by org.testng.reporters.JUnitReportReporter -->
<testsuite hostname="5CD2188LZX" failures="0" tests="1" name="com.connect.TestRunner" time="0.778" errors="0" timestamp="2022-12-06T17:53:34 IST" skipped="0">
  <testcase classname="com.connect.TestRunner" name="TestRunner1" time="0.778"/>
  <system-out/>
</testsuite> <!-- com.connect.TestRunner -->
