<?xml version="1.0" encoding="UTF-8"?>
<!-- Generated by org.testng.reporters.JUnitReportReporter -->
<testsuite hostname="5CD2188LZX" failures="0" tests="3" name="com.connect.FilteringExecution" time="0.034" errors="0" timestamp="2022-12-07T12:00:18 IST" skipped="0">
  <testcase classname="com.connect.FilteringExecution" name="testMethod" time="0.005"/>
  <system-out/>
  <testcase classname="com.connect.FilteringExecution" name="thirdTestMethod" time="0.004"/>
  <system-out/>
  <testcase classname="com.connect.FilteringExecution" name="anotherTestMethod" time="0.025"/>
  <system-out/>
</testsuite> <!-- com.connect.FilteringExecution -->
